<?xml version="1.0" encoding="UTF-8"?>
<!-- Generated by org.testng.reporters.JUnitReportReporter -->
<testsuite hostname="Jayhan-PC" name="com.jayhanautomation.Jayhanframework.Dicesingin" tests="1" failures="0" timestamp="2 Dec 2015 12:14:11 GMT" time="27.143" errors="0">
  <testcase name="signin" time="27.143" classname="com.jayhanautomation.Jayhanframework.Dicesingin"/>
</testsuite> <!-- com.jayhanautomation.Jayhanframework.Dicesingin -->
