<?xml version="1.0" encoding="UTF-8"?>
<!-- Generated by org.testng.reporters.JUnitReportReporter -->
<testsuite hostname="Jayhan-PC" name="com.jayhanautomation.Jayhanframework.DicesignIn" tests="2" failures="0" timestamp="2 Dec 2015 13:05:25 GMT" time="43.211" errors="0">
  <testcase name="jobsearch" time="19.156" classname="com.jayhanautomation.Jayhanframework.DicesignIn"/>
  <testcase name="signin" time="24.055" classname="com.jayhanautomation.Jayhanframework.DicesignIn"/>
</testsuite> <!-- com.jayhanautomation.Jayhanframework.DicesignIn -->
